<?xml version="1.0" encoding="UTF-8"?>
<!-- Generated by org.testng.reporters.JUnitXMLReporter -->
<testsuite ignored="0" hostname="LP10-8RFSQ93" failures="0" tests="26" name="Test" time="716.17" errors="0" timestamp="2022-03-11T12:36:16 IST">
  <testcase classname="teseCases.LoginPageTest" name="loginTest" time="4.306"/>
  <testcase classname="teseCases.LoginPageTest" name="loginTest" time="30.368"/>
  <testcase classname="teseCases.CreateCalloutTestPage" name="newcalloutcreatetest" time="8.242"/>
  <testcase classname="teseCases.EditCalloutsTest" name="provideCalloutTitle" time="9.039"/>
  <testcase classname="teseCases.DeleteCalloutTest" name="deleteTest" time="17.772"/>
  <testcase classname="teseCases.CreateResourceFlowTestPage" name="newResourceFlowTest" time="10.305"/>
  <testcase classname="teseCases.EditResourceFlowsTest" name="provideResourceTitle" time="12.22"/>
  <testcase classname="teseCases.DeleteResourceFlowTest" name="deleteTest" time="19.697"/>
  <testcase classname="teseCases.CreateNewsArticlesTestPage" name="newArticleCreateTest" time="9.217"/>
  <testcase classname="teseCases.EditNewsArticlesTest" name="provideNewsArticleTitle" time="10.539"/>
  <testcase classname="teseCases.DeleteNewsArticleTest" name="deleteTest" time="18.82"/>
  <testcase classname="teseCases.CreateDataBaseListingsTestPage" name="newDBLCreateTest" time="9.281"/>
  <testcase classname="teseCases.EditDatabaseListingTest" name="provideDatabaseListTitle" time="11.449"/>
  <testcase classname="teseCases.DeleteDatabaseListingTest" name="deleteTest" time="23.421"/>
  <testcase classname="teseCases.createDirectoryListingsTestPage" name="newdirectorycreatetest" time="8.606"/>
  <testcase classname="teseCases.EditDirectoryListingsTest" name="provideDirectoryListTitle" time="9.594"/>
  <testcase classname="teseCases.DeleteDirectoryListingTest" name="deleteTest" time="17.598"/>
  <testcase classname="teseCases.CreateCustomBlockTestPage" name="newCustomCreateTest" time="7.614"/>
  <testcase classname="teseCases.EditCustomBlockTest" name="provideCustomBLockTitle" time="9.041"/>
  <testcase classname="teseCases.DeleteCustomTest" name="deleteTest" time="19.382"/>
  <testcase classname="teseCases.CreatePagesTestPage" name="newPageCreateTest" time="9.034"/>
  <testcase classname="teseCases.EditPagesTest" name="providePageTitle" time="7.598"/>
  <testcase classname="teseCases.DeletePagesTest" name="deletePageTest" time="15.385"/>
  <testcase classname="teseCases.CreateResearchGuidesTestPage" name="newResearchGuideTest" time="21.996"/>
  <testcase classname="teseCases.EditResearchGuidesTest" name="provideResearchGuideTitleTitle" time="9.298"/>
  <testcase classname="teseCases.DeleteResearchGuideTest" name="deleteResearchGuideTest" time="23.171"/>
</testsuite> <!-- Test -->
