<?xml version="1.0" encoding="UTF-8"?>
<!-- Generated by org.testng.reporters.JUnitXMLReporter -->
<testsuite ignored="0" hostname="LP10-8RFSQ93" failures="0" tests="50" name="Test" time="2134.2" errors="0" timestamp="2022-04-28T12:35:49 IST">
  <testcase classname="teseCases.LoginPageTest" name="loginTest" time="5.014"/>
  <testcase classname="teseCases.LoginPageTest" name="loginTest" time="34.232"/>
  <testcase classname="teseCases.DeleteCalloutTest" name="deleteTest" time="18.12"/>
  <testcase classname="teseCases.CreateCalloutTestPage" name="newcalloutcreatetest" time="10.339"/>
  <testcase classname="teseCases.CreateCalloutTestPage" name="newcalloutcreatetest" time="34.405"/>
  <testcase classname="teseCases.EditCalloutsTest" name="provideCalloutTitle" time="8.869"/>
  <testcase classname="teseCases.CreateCustomBlockTestPage" name="newCustomCreateTest" time="11.061"/>
  <testcase classname="teseCases.CreateCustomBlockTestPage" name="newCustomCreateTest" time="36.148"/>
  <testcase classname="teseCases.EditCustomBlockTest" name="provideCustomBLockTitle" time="9.003"/>
  <testcase classname="teseCases.DeleteCustomTest" name="deleteTest" time="19.734"/>
  <testcase classname="teseCases.CreateDataBaseListingsTestPage" name="newDBLCreateTest" time="10.633"/>
  <testcase classname="teseCases.CreateDataBaseListingsTestPage" name="newDBLCreateTest" time="35.578"/>
  <testcase classname="teseCases.EditDatabaseListingTest" name="provideDatabaseListTitle" time="33.465"/>
  <testcase classname="teseCases.DeleteDatabaseListingTest" name="deleteTest" time="17.391"/>
  <testcase classname="teseCases.createDirectoryListingsTestPage" name="newdirectorycreatetest" time="9.462"/>
  <testcase classname="teseCases.createDirectoryListingsTestPage" name="newdirectorycreatetest" time="36.34"/>
  <testcase classname="teseCases.createDirectoryListingsTestPage" name="newdirectorycreatetest" time="36.9"/>
  <testcase classname="teseCases.createDirectoryListingsTestPage" name="newdirectorycreatetest" time="66.575"/>
  <testcase classname="teseCases.EditDirectoryListingsTest" name="provideDirectoryListTitle" time="31.813"/>
  <testcase classname="teseCases.DeleteDirectoryListingTest" name="deleteTest" time="22.67"/>
  <testcase classname="teseCases.CreateIndexEntriesPageTestPage" name="newIndexPagetest" time="11.775"/>
  <testcase classname="teseCases.CreateIndexEntriesPageTestPage" name="newIndexPagetest" time="34.459"/>
  <testcase classname="teseCases.EditIndexEntryTest" name="provideIndexPageTitle" time="31.578"/>
  <testcase classname="teseCases.DeleteIndexEntryPageTest" name="deleteTest" time="16.068"/>
  <testcase classname="teseCases.CreateIndexPageTestPage" name="newIndexPagetest" time="16.875"/>
  <testcase classname="teseCases.CreateIndexPageTestPage" name="newIndexPagetest" time="36.824"/>
  <testcase classname="teseCases.EditIndexPageTest" name="provideIndexPageTitle" time="32.258"/>
  <testcase classname="teseCases.DeleteIndexPageTest" name="deleteTest" time="23.316"/>
  <testcase classname="teseCases.CreateNewsArticlesTestPage" name="newArticleCreateTest" time="19.974"/>
  <testcase classname="teseCases.CreateNewsArticlesTestPage" name="newArticleCreateTest" time="3.436"/>
  <testcase classname="teseCases.EditNewsArticlesTest" name="provideNewsArticleTitle" time="31.816"/>
  <testcase classname="teseCases.DeleteNewsArticleTest" name="deleteTest" time="19.555"/>
  <testcase classname="teseCases.CreatePagesTestPage" name="newPageCreateTest" time="9.811"/>
  <testcase classname="teseCases.CreatePagesTestPage" name="newPageCreateTest" time="36.241"/>
  <testcase classname="teseCases.EditPagesTest" name="providePageTitle" time="31.59"/>
  <testcase classname="teseCases.DeletePagesTest" name="deletePageTest" time="15.87"/>
  <testcase classname="teseCases.CreateResearchGuidesTestPage" name="newResearchGuideTest" time="12.081"/>
  <testcase classname="teseCases.CreateResearchGuidesTestPage" name="newResearchGuideTest" time="35.627"/>
  <testcase classname="teseCases.EditResearchGuidesTest" name="provideResearchGuideTitleTitle" time="31.866"/>
  <testcase classname="teseCases.DeleteResearchGuideTest" name="deleteResearchGuideTest" time="17.376"/>
  <testcase classname="teseCases.CreateReservesTestPage" name="newReservesTest" time="13.929"/>
  <testcase classname="teseCases.CreateReservesTestPage" name="newReservesTest" time="38.369"/>
  <testcase classname="teseCases.CreateReservesTestPage" name="newReservesTest" time="38.109"/>
  <testcase classname="teseCases.CreateReservesTestPage" name="newReservesTest" time="68.396"/>
  <testcase classname="teseCases.EditReservesTest" name="provideReservesTitle" time="31.422"/>
  <testcase classname="teseCases.DeleteReservesTest" name="deleteReserveTest" time="17.788"/>
  <testcase classname="teseCases.CreateResourceFlowTestPage" name="newResourceFlowTest" time="10.977"/>
  <testcase classname="teseCases.CreateResourceFlowTestPage" name="newResourceFlowTest" time="34.534"/>
  <testcase classname="teseCases.EditResourceFlowsTest" name="provideResourceTitle" time="31.526"/>
  <testcase classname="teseCases.DeleteResourceFlowTest" name="deleteTest" time="19.445"/>
</testsuite> <!-- Test -->
