<?xml version="1.0" encoding="UTF-8"?>
<testsuite xmlns:xsi="http://www.w3.org/2001/XMLSchema-instance" xsi:schemaLocation="https://maven.apache.org/surefire/maven-surefire-plugin/xsd/surefire-test-report.xsd" name="TestSuite" time="1,681.772" tests="38" errors="0" skipped="0" failures="0">
  <properties>
[...]
</properties>
  <testcase name="loginTest" classname="teseCases.LoginPageTest" time="6.931"/>
  <testcase name="loginTest" classname="teseCases.LoginPageTest" time="30.303"/>
  <testcase name="provideCalloutTitle" classname="teseCases.EditCalloutsTest" time="32.034"/>
  <testcase name="deleteTest" classname="teseCases.DeleteCalloutTest" time="45.275"/>
  <testcase name="newResourceFlowTest" classname="teseCases.CreateResourceFlowTestPage" time="13.87"/>
  <testcase name="newResourceFlowTest" classname="teseCases.CreateResourceFlowTestPage" time="36.314"/>
  <testcase name="provideResourceTitle" classname="teseCases.EditResourceFlowsTest" time="31.566"/>
  <testcase name="deleteTest" classname="teseCases.DeleteResourceFlowTest" time="21.624"/>
  <testcase name="newArticleCreateTest" classname="teseCases.CreateNewsArticlesTestPage" time="14.228"/>
  <testcase name="newArticleCreateTest" classname="teseCases.CreateNewsArticlesTestPage" time="34.229"/>
  <testcase name="provideNewsArticleTitle" classname="teseCases.EditNewsArticlesTest" time="31.515"/>
  <testcase name="deleteTest" classname="teseCases.DeleteNewsArticleTest" time="41.394"/>
  <testcase name="newCustomCreateTest" classname="teseCases.CreateCustomBlockTestPage" time="11.642"/>
  <testcase name="newCustomCreateTest" classname="teseCases.CreateCustomBlockTestPage" time="36.389"/>
  <testcase name="provideCustomBLockTitle" classname="teseCases.EditCustomBlockTest" time="31.417"/>
  <testcase name="deleteTest" classname="teseCases.DeleteCustomTest" time="21.51"/>
  <testcase name="newDBLCreateTest" classname="teseCases.CreateDataBaseListingsTestPage" time="9.452"/>
  <testcase name="newDBLCreateTest" classname="teseCases.CreateDataBaseListingsTestPage" time="36.371"/>
  <testcase name="provideDatabaseListTitle" classname="teseCases.EditDatabaseListingTest" time="32.786"/>
  <testcase name="deleteTest" classname="teseCases.DeleteDatabaseListingTest" time="25.291"/>
  <testcase name="newdirectorycreatetest" classname="teseCases.createDirectoryListingsTestPage" time="9.351"/>
  <testcase name="newdirectorycreatetest" classname="teseCases.createDirectoryListingsTestPage" time="36.269"/>
  <testcase name="newdirectorycreatetest" classname="teseCases.createDirectoryListingsTestPage" time="36.206"/>
  <testcase name="newdirectorycreatetest" classname="teseCases.createDirectoryListingsTestPage" time="66.519"/>
  <testcase name="provideDirectoryListTitle" classname="teseCases.EditDirectoryListingsTest" time="31.755"/>
  <testcase name="deleteTest" classname="teseCases.DeleteDirectoryListingTest" time="19.262"/>
  <testcase name="newReservesTest" classname="teseCases.CreateReservesTestPage" time="12.581"/>
  <testcase name="newReservesTest" classname="teseCases.CreateReservesTestPage" time="42.375"/>
  <testcase name="newReservesTest" classname="teseCases.CreateReservesTestPage" time="37.422"/>
  <testcase name="newReservesTest" classname="teseCases.CreateReservesTestPage" time="67.276"/>
  <testcase name="provideReservesTitle" classname="teseCases.EditReservesTest" time="31.935"/>
  <testcase name="deleteReserveTest" classname="teseCases.DeleteReservesTest" time="18.11"/>
  <testcase name="newPageCreateTest" classname="teseCases.CreatePagesTestPage" time="10.177"/>
  <testcase name="newPageCreateTest" classname="teseCases.CreatePagesTestPage" time="39.663"/>
  <testcase name="providePageTitle" classname="teseCases.EditPagesTest" time="31.866"/>
  <testcase name="deletePageTest" classname="teseCases.DeletePagesTest" time="15.547"/>
  <testcase name="newResearchGuideTest" classname="teseCases.CreateResearchGuidesTestPage" time="12.512"/>
  <testcase name="newResearchGuideTest" classname="teseCases.CreateResearchGuidesTestPage" time="36.134"/>
</testsuite>