<?xml version="1.0" encoding="UTF-8"?>
<testng-results ignored="0" total="38" passed="38" failed="0" skipped="0">
  <reporter-output>
  </reporter-output>
  <suite started-at="2022-03-24T15:25:27 IST" name="Suite1" finished-at="2022-03-24T15:53:28 IST" duration-ms="1681109">
    <groups>
    </groups>
    <test started-at="2022-03-24T15:25:27 IST" name="Test" finished-at="2022-03-24T15:53:28 IST" duration-ms="1681109">
      <class name="teseCases.LoginPageTest">
        <test-method is-config="true" signature="setUp()[pri:0, instance:teseCases.LoginPageTest@14ec4505]" started-at="2022-03-24T15:25:27 IST" name="setUp" finished-at="2022-03-24T15:25:31 IST" duration-ms="4359" status="PASS">
          <reporter-output>
          </reporter-output>
        </test-method> <!-- setUp -->
        <test-method signature="loginTest(java.lang.String,java.lang.String)[pri:1, instance:teseCases.LoginPageTest@14ec4505]" started-at="2022-03-24T15:25:31 IST" name="loginTest" data-provider="getLoginData" finished-at="2022-03-24T15:25:38 IST" duration-ms="6926" status="PASS">
          <params>
            <param index="0">
              <value>
                <![CDATA[NESadmin]]>
              </value>
            </param>
            <param index="1">
              <value>
                <![CDATA[NES2021!]]>
              </value>
            </param>
          </params>
          <reporter-output>
          </reporter-output>
        </test-method> <!-- loginTest -->
        <test-method is-config="true" signature="teardown()[pri:0, instance:teseCases.LoginPageTest@14ec4505]" started-at="2022-03-24T15:25:38 IST" name="teardown" finished-at="2022-03-24T15:25:38 IST" duration-ms="180" status="PASS">
          <reporter-output>
          </reporter-output>
        </test-method> <!-- teardown -->
        <test-method is-config="true" signature="setUp()[pri:0, instance:teseCases.LoginPageTest@14ec4505]" started-at="2022-03-24T15:25:38 IST" name="setUp" finished-at="2022-03-24T15:25:42 IST" duration-ms="3886" status="PASS">
          <reporter-output>
          </reporter-output>
        </test-method> <!-- setUp -->
        <test-method signature="loginTest(java.lang.String,java.lang.String)[pri:1, instance:teseCases.LoginPageTest@14ec4505]" started-at="2022-03-24T15:25:42 IST" name="loginTest" data-provider="getLoginData" finished-at="2022-03-24T15:26:13 IST" duration-ms="30302" status="PASS">
          <params>
            <param index="0">
              <value>
                <![CDATA[NESAdmin]]>
              </value>
            </param>
            <param index="1">
              <value>
                <![CDATA[NESNES]]>
              </value>
            </param>
          </params>
          <reporter-output>
          </reporter-output>
        </test-method> <!-- loginTest -->
        <test-method is-config="true" signature="teardown()[pri:0, instance:teseCases.LoginPageTest@14ec4505]" started-at="2022-03-24T15:26:13 IST" name="teardown" finished-at="2022-03-24T15:26:13 IST" duration-ms="160" status="PASS">
          <reporter-output>
          </reporter-output>
        </test-method> <!-- teardown -->
      </class> <!-- teseCases.LoginPageTest -->
      <class name="teseCases.EditCustomBlockTest">
        <test-method is-config="true" signature="setUp()[pri:0, instance:teseCases.EditCustomBlockTest@402e37bc]" started-at="2022-03-24T15:35:13 IST" name="setUp" finished-at="2022-03-24T15:35:28 IST" duration-ms="15151" status="PASS">
          <reporter-output>
          </reporter-output>
        </test-method> <!-- setUp -->
        <test-method signature="provideCustomBLockTitle(java.lang.String,java.lang.String,java.lang.String)[pri:1, instance:teseCases.EditCustomBlockTest@402e37bc]" started-at="2022-03-24T15:35:28 IST" name="provideCustomBLockTitle" data-provider="InputCustomBlockData" finished-at="2022-03-24T15:36:00 IST" duration-ms="31417" status="PASS">
          <params>
            <param index="0">
              <value>
                <![CDATA[Verizon Custom]]>
              </value>
            </param>
            <param index="1">
              <value>
                <![CDATA[Cred Custom-E]]>
              </value>
            </param>
            <param index="2">
              <value>
                <![CDATA[Cred Custom-E Log]]>
              </value>
            </param>
          </params>
          <reporter-output>
          </reporter-output>
        </test-method> <!-- provideCustomBLockTitle -->
        <test-method is-config="true" signature="teardown()[pri:0, instance:teseCases.EditCustomBlockTest@402e37bc]" started-at="2022-03-24T15:36:00 IST" name="teardown" finished-at="2022-03-24T15:36:00 IST" duration-ms="220" status="PASS">
          <reporter-output>
          </reporter-output>
        </test-method> <!-- teardown -->
      </class> <!-- teseCases.EditCustomBlockTest -->
      <class name="teseCases.CreateNewsArticlesTestPage">
        <test-method is-config="true" signature="setUp()[pri:0, instance:teseCases.CreateNewsArticlesTestPage@10db82ae]" started-at="2022-03-24T15:30:49 IST" name="setUp" finished-at="2022-03-24T15:31:08 IST" duration-ms="18692" status="PASS">
          <reporter-output>
          </reporter-output>
        </test-method> <!-- setUp -->
        <test-method signature="newArticleCreateTest(java.lang.String,java.lang.String)[pri:0, instance:teseCases.CreateNewsArticlesTestPage@10db82ae]" started-at="2022-03-24T15:31:08 IST" name="newArticleCreateTest" data-provider="getNewsArticlesData" finished-at="2022-03-24T15:31:22 IST" duration-ms="14227" status="PASS">
          <params>
            <param index="0">
              <value>
                <![CDATA[DynaMed News Article]]>
              </value>
            </param>
            <param index="1">
              <value>
                <![CDATA[Jonny]]>
              </value>
            </param>
          </params>
          <reporter-output>
          </reporter-output>
        </test-method> <!-- newArticleCreateTest -->
        <test-method is-config="true" signature="teardown()[pri:0, instance:teseCases.CreateNewsArticlesTestPage@10db82ae]" started-at="2022-03-24T15:31:22 IST" name="teardown" finished-at="2022-03-24T15:31:22 IST" duration-ms="191" status="PASS">
          <reporter-output>
          </reporter-output>
        </test-method> <!-- teardown -->
        <test-method is-config="true" signature="setUp()[pri:0, instance:teseCases.CreateNewsArticlesTestPage@10db82ae]" started-at="2022-03-24T15:31:22 IST" name="setUp" finished-at="2022-03-24T15:31:36 IST" duration-ms="13395" status="PASS">
          <reporter-output>
          </reporter-output>
        </test-method> <!-- setUp -->
        <test-method signature="newArticleCreateTest(java.lang.String,java.lang.String)[pri:0, instance:teseCases.CreateNewsArticlesTestPage@10db82ae]" started-at="2022-03-24T15:31:36 IST" name="newArticleCreateTest" data-provider="getNewsArticlesData" finished-at="2022-03-24T15:32:10 IST" duration-ms="34228" status="PASS">
          <params>
            <param index="0">
              <value>
                <![CDATA[  ]]>
              </value>
            </param>
            <param index="1">
              <value>
                <![CDATA[Michael]]>
              </value>
            </param>
          </params>
          <reporter-output>
          </reporter-output>
        </test-method> <!-- newArticleCreateTest -->
        <test-method is-config="true" signature="teardown()[pri:0, instance:teseCases.CreateNewsArticlesTestPage@10db82ae]" started-at="2022-03-24T15:32:10 IST" name="teardown" finished-at="2022-03-24T15:32:10 IST" duration-ms="191" status="PASS">
          <reporter-output>
          </reporter-output>
        </test-method> <!-- teardown -->
      </class> <!-- teseCases.CreateNewsArticlesTestPage -->
      <class name="teseCases.EditCalloutsTest">
        <test-method is-config="true" signature="setUp()[pri:0, instance:teseCases.EditCalloutsTest@7ea37dbf]" started-at="2022-03-24T15:26:13 IST" name="setUp" finished-at="2022-03-24T15:26:27 IST" duration-ms="13582" status="PASS">
          <reporter-output>
          </reporter-output>
        </test-method> <!-- setUp -->
        <test-method signature="provideCalloutTitle(java.lang.String,java.lang.String)[pri:1, instance:teseCases.EditCalloutsTest@7ea37dbf]" started-at="2022-03-24T15:26:27 IST" name="provideCalloutTitle" data-provider="InputCalloutData" finished-at="2022-03-24T15:26:59 IST" duration-ms="32030" status="PASS">
          <params>
            <param index="0">
              <value>
                <![CDATA[Verizon Research]]>
              </value>
            </param>
            <param index="1">
              <value>
                <![CDATA[Cred Resarch-M]]>
              </value>
            </param>
          </params>
          <reporter-output>
          </reporter-output>
        </test-method> <!-- provideCalloutTitle -->
        <test-method is-config="true" signature="teardown()[pri:0, instance:teseCases.EditCalloutsTest@7ea37dbf]" started-at="2022-03-24T15:26:59 IST" name="teardown" finished-at="2022-03-24T15:26:59 IST" duration-ms="232" status="PASS">
          <reporter-output>
          </reporter-output>
        </test-method> <!-- teardown -->
      </class> <!-- teseCases.EditCalloutsTest -->
      <class name="teseCases.DeleteNewsArticleTest">
        <test-method is-config="true" signature="setUp()[pri:0, instance:teseCases.DeleteNewsArticleTest@27c86f2d]" started-at="2022-03-24T15:32:56 IST" name="setUp" finished-at="2022-03-24T15:33:11 IST" duration-ms="14467" status="PASS">
          <reporter-output>
          </reporter-output>
        </test-method> <!-- setUp -->
        <test-method signature="deleteTest(java.lang.String,java.lang.String,java.lang.String)[pri:0, instance:teseCases.DeleteNewsArticleTest@27c86f2d]" started-at="2022-03-24T15:33:11 IST" name="deleteTest" data-provider="getdeleteData" finished-at="2022-03-24T15:33:52 IST" duration-ms="41394" status="PASS">
          <params>
            <param index="0">
              <value>
                <![CDATA[Medline News Article]]>
              </value>
            </param>
            <param index="1">
              <value>
                <![CDATA[Miraj]]>
              </value>
            </param>
            <param index="2">
              <value>
                <![CDATA[Medline News Article]]>
              </value>
            </param>
          </params>
          <reporter-output>
          </reporter-output>
        </test-method> <!-- deleteTest -->
        <test-method is-config="true" signature="teardown()[pri:0, instance:teseCases.DeleteNewsArticleTest@27c86f2d]" started-at="2022-03-24T15:33:52 IST" name="teardown" finished-at="2022-03-24T15:33:53 IST" duration-ms="219" status="PASS">
          <reporter-output>
          </reporter-output>
        </test-method> <!-- teardown -->
      </class> <!-- teseCases.DeleteNewsArticleTest -->
      <class name="teseCases.DeletePagesTest">
        <test-method is-config="true" signature="setUp()[pri:0, instance:teseCases.DeletePagesTest@4c15e7fd]" started-at="2022-03-24T15:51:36 IST" name="setUp" finished-at="2022-03-24T15:51:51 IST" duration-ms="15001" status="PASS">
          <reporter-output>
          </reporter-output>
        </test-method> <!-- setUp -->
        <test-method signature="deletePageTest(java.lang.String,java.lang.String)[pri:0, instance:teseCases.DeletePagesTest@4c15e7fd]" started-at="2022-03-24T15:51:51 IST" name="deletePageTest" data-provider="getdeletePageData" finished-at="2022-03-24T15:52:06 IST" duration-ms="15546" status="PASS">
          <params>
            <param index="0">
              <value>
                <![CDATA[PubMed Page]]>
              </value>
            </param>
            <param index="1">
              <value>
                <![CDATA[PubMed Page]]>
              </value>
            </param>
          </params>
          <reporter-output>
          </reporter-output>
        </test-method> <!-- deletePageTest -->
        <test-method is-config="true" signature="teardown()[pri:0, instance:teseCases.DeletePagesTest@4c15e7fd]" started-at="2022-03-24T15:52:06 IST" name="teardown" finished-at="2022-03-24T15:52:06 IST" duration-ms="179" status="PASS">
          <reporter-output>
          </reporter-output>
        </test-method> <!-- teardown -->
      </class> <!-- teseCases.DeletePagesTest -->
      <class name="teseCases.EditReservesTest">
        <test-method is-config="true" signature="setUp()[pri:0, instance:teseCases.EditReservesTest@7fc2413d]" started-at="2022-03-24T15:47:59 IST" name="setUp" finished-at="2022-03-24T15:48:14 IST" duration-ms="15024" status="PASS">
          <reporter-output>
          </reporter-output>
        </test-method> <!-- setUp -->
        <test-method signature="provideReservesTitle(java.lang.String,java.lang.String)[pri:1, instance:teseCases.EditReservesTest@7fc2413d]" started-at="2022-03-24T15:48:14 IST" name="provideReservesTitle" data-provider="InputReservesData" finished-at="2022-03-24T15:48:46 IST" duration-ms="31934" status="PASS">
          <params>
            <param index="0">
              <value>
                <![CDATA[Corpus Limited]]>
              </value>
            </param>
            <param index="1">
              <value>
                <![CDATA[Cinahal-E]]>
              </value>
            </param>
          </params>
          <reporter-output>
          </reporter-output>
        </test-method> <!-- provideReservesTitle -->
        <test-method is-config="true" signature="teardown()[pri:0, instance:teseCases.EditReservesTest@7fc2413d]" started-at="2022-03-24T15:48:46 IST" name="teardown" finished-at="2022-03-24T15:48:46 IST" duration-ms="235" status="PASS">
          <reporter-output>
          </reporter-output>
        </test-method> <!-- teardown -->
      </class> <!-- teseCases.EditReservesTest -->
      <class name="teseCases.EditResourceFlowsTest">
        <test-method is-config="true" signature="setUp()[pri:0, instance:teseCases.EditResourceFlowsTest@1d76aeea]" started-at="2022-03-24T15:29:20 IST" name="setUp" finished-at="2022-03-24T15:29:34 IST" duration-ms="14277" status="PASS">
          <reporter-output>
          </reporter-output>
        </test-method> <!-- setUp -->
        <test-method signature="provideResourceTitle(java.lang.String,java.lang.String,java.lang.String,java.lang.String,java.lang.String)[pri:1, instance:teseCases.EditResourceFlowsTest@1d76aeea]" started-at="2022-03-24T15:29:34 IST" name="provideResourceTitle" data-provider="InputResourceFlowData" finished-at="2022-03-24T15:30:06 IST" duration-ms="31541" status="PASS">
          <params>
            <param index="0">
              <value>
                <![CDATA[Verizon Research]]>
              </value>
            </param>
            <param index="1">
              <value>
                <![CDATA[Cred Resources]]>
              </value>
            </param>
            <param index="2">
              <value>
                <![CDATA[3.60029147E8]]>
              </value>
            </param>
            <param index="3">
              <value>
                <![CDATA[Cred Resources pvt ltd]]>
              </value>
            </param>
            <param index="4">
              <value>
                <![CDATA[James]]>
              </value>
            </param>
          </params>
          <reporter-output>
          </reporter-output>
        </test-method> <!-- provideResourceTitle -->
        <test-method is-config="true" signature="teardown()[pri:0, instance:teseCases.EditResourceFlowsTest@1d76aeea]" started-at="2022-03-24T15:30:06 IST" name="teardown" finished-at="2022-03-24T15:30:06 IST" duration-ms="222" status="PASS">
          <reporter-output>
          </reporter-output>
        </test-method> <!-- teardown -->
      </class> <!-- teseCases.EditResourceFlowsTest -->
      <class name="teseCases.CreateResourceFlowTestPage">
        <test-method is-config="true" signature="setUp()[pri:0, instance:teseCases.CreateResourceFlowTestPage@290d210d]" started-at="2022-03-24T15:27:57 IST" name="setUp" finished-at="2022-03-24T15:28:13 IST" duration-ms="15954" status="PASS">
          <reporter-output>
          </reporter-output>
        </test-method> <!-- setUp -->
        <test-method signature="newResourceFlowTest(java.lang.String,java.lang.String,java.lang.String,java.lang.String)[pri:0, instance:teseCases.CreateResourceFlowTestPage@290d210d]" started-at="2022-03-24T15:28:13 IST" name="newResourceFlowTest" data-provider="getResourceFlowsData" finished-at="2022-03-24T15:28:27 IST" duration-ms="13870" status="PASS">
          <params>
            <param index="0">
              <value>
                <![CDATA[Resource Title-31]]>
              </value>
            </param>
            <param index="1">
              <value>
                <![CDATA[3.60029145E8]]>
              </value>
            </param>
            <param index="2">
              <value>
                <![CDATA[Resource SubTitle-31]]>
              </value>
            </param>
            <param index="3">
              <value>
                <![CDATA[Nilesh]]>
              </value>
            </param>
          </params>
          <reporter-output>
          </reporter-output>
        </test-method> <!-- newResourceFlowTest -->
        <test-method is-config="true" signature="teardown()[pri:0, instance:teseCases.CreateResourceFlowTestPage@290d210d]" started-at="2022-03-24T15:28:27 IST" name="teardown" finished-at="2022-03-24T15:28:27 IST" duration-ms="186" status="PASS">
          <reporter-output>
          </reporter-output>
        </test-method> <!-- teardown -->
        <test-method is-config="true" signature="setUp()[pri:0, instance:teseCases.CreateResourceFlowTestPage@290d210d]" started-at="2022-03-24T15:28:27 IST" name="setUp" finished-at="2022-03-24T15:28:43 IST" duration-ms="15768" status="PASS">
          <reporter-output>
          </reporter-output>
        </test-method> <!-- setUp -->
        <test-method signature="newResourceFlowTest(java.lang.String,java.lang.String,java.lang.String,java.lang.String)[pri:0, instance:teseCases.CreateResourceFlowTestPage@290d210d]" started-at="2022-03-24T15:28:43 IST" name="newResourceFlowTest" data-provider="getResourceFlowsData" finished-at="2022-03-24T15:29:20 IST" duration-ms="36314" status="PASS">
          <params>
            <param index="0">
              <value>
                <![CDATA[  ]]>
              </value>
            </param>
            <param index="1">
              <value>
                <![CDATA[3.60029145E8]]>
              </value>
            </param>
            <param index="2">
              <value>
                <![CDATA[Resource SubTitle-31]]>
              </value>
            </param>
            <param index="3">
              <value>
                <![CDATA[Michael]]>
              </value>
            </param>
          </params>
          <reporter-output>
          </reporter-output>
        </test-method> <!-- newResourceFlowTest -->
        <test-method is-config="true" signature="teardown()[pri:0, instance:teseCases.CreateResourceFlowTestPage@290d210d]" started-at="2022-03-24T15:29:20 IST" name="teardown" finished-at="2022-03-24T15:29:20 IST" duration-ms="214" status="PASS">
          <reporter-output>
          </reporter-output>
        </test-method> <!-- teardown -->
      </class> <!-- teseCases.CreateResourceFlowTestPage -->
      <class name="teseCases.createDirectoryListingsTestPage">
        <test-method is-config="true" signature="setUp()[pri:0, instance:teseCases.createDirectoryListingsTestPage@6a01e23]" started-at="2022-03-24T15:39:22 IST" name="setUp" finished-at="2022-03-24T15:39:39 IST" duration-ms="17524" status="PASS">
          <reporter-output>
          </reporter-output>
        </test-method> <!-- setUp -->
        <test-method signature="newdirectorycreatetest(java.lang.String,java.lang.String,java.lang.String,java.lang.String,java.lang.String,java.lang.String)[pri:0, instance:teseCases.createDirectoryListingsTestPage@6a01e23]" started-at="2022-03-24T15:39:39 IST" name="newdirectorycreatetest" data-provider="getDirectoryListData" finished-at="2022-03-24T15:39:49 IST" duration-ms="9351" status="PASS">
          <params>
            <param index="0">
              <value>
                <![CDATA[Directory]]>
              </value>
            </param>
            <param index="1">
              <value>
                <![CDATA[Listing1]]>
              </value>
            </param>
            <param index="2">
              <value>
                <![CDATA[Project developer]]>
              </value>
            </param>
            <param index="3">
              <value>
                <![CDATA[Texas]]>
              </value>
            </param>
            <param index="4">
              <value>
                <![CDATA[https://www.linkedin.com/]]>
              </value>
            </param>
            <param index="5">
              <value>
                <![CDATA[Linkedin Text]]>
              </value>
            </param>
          </params>
          <reporter-output>
          </reporter-output>
        </test-method> <!-- newdirectorycreatetest -->
        <test-method is-config="true" signature="teardown()[pri:0, instance:teseCases.createDirectoryListingsTestPage@6a01e23]" started-at="2022-03-24T15:39:49 IST" name="teardown" finished-at="2022-03-24T15:39:49 IST" duration-ms="190" status="PASS">
          <reporter-output>
          </reporter-output>
        </test-method> <!-- teardown -->
        <test-method is-config="true" signature="setUp()[pri:0, instance:teseCases.createDirectoryListingsTestPage@6a01e23]" started-at="2022-03-24T15:39:49 IST" name="setUp" finished-at="2022-03-24T15:40:05 IST" duration-ms="16493" status="PASS">
          <reporter-output>
          </reporter-output>
        </test-method> <!-- setUp -->
        <test-method signature="newdirectorycreatetest(java.lang.String,java.lang.String,java.lang.String,java.lang.String,java.lang.String,java.lang.String)[pri:0, instance:teseCases.createDirectoryListingsTestPage@6a01e23]" started-at="2022-03-24T15:40:05 IST" name="newdirectorycreatetest" data-provider="getDirectoryListData" finished-at="2022-03-24T15:40:42 IST" duration-ms="36269" status="PASS">
          <params>
            <param index="0">
              <value>
                <![CDATA[  ]]>
              </value>
            </param>
            <param index="1">
              <value>
                <![CDATA[Listing1]]>
              </value>
            </param>
            <param index="2">
              <value>
                <![CDATA[Project developer]]>
              </value>
            </param>
            <param index="3">
              <value>
                <![CDATA[Texas]]>
              </value>
            </param>
            <param index="4">
              <value>
                <![CDATA[https://www.linkedin.com/]]>
              </value>
            </param>
            <param index="5">
              <value>
                <![CDATA[Linkedin Text]]>
              </value>
            </param>
          </params>
          <reporter-output>
          </reporter-output>
        </test-method> <!-- newdirectorycreatetest -->
        <test-method is-config="true" signature="teardown()[pri:0, instance:teseCases.createDirectoryListingsTestPage@6a01e23]" started-at="2022-03-24T15:40:42 IST" name="teardown" finished-at="2022-03-24T15:40:42 IST" duration-ms="176" status="PASS">
          <reporter-output>
          </reporter-output>
        </test-method> <!-- teardown -->
        <test-method is-config="true" signature="setUp()[pri:0, instance:teseCases.createDirectoryListingsTestPage@6a01e23]" started-at="2022-03-24T15:40:42 IST" name="setUp" finished-at="2022-03-24T15:40:57 IST" duration-ms="15286" status="PASS">
          <reporter-output>
          </reporter-output>
        </test-method> <!-- setUp -->
        <test-method signature="newdirectorycreatetest(java.lang.String,java.lang.String,java.lang.String,java.lang.String,java.lang.String,java.lang.String)[pri:0, instance:teseCases.createDirectoryListingsTestPage@6a01e23]" started-at="2022-03-24T15:40:57 IST" name="newdirectorycreatetest" data-provider="getDirectoryListData" finished-at="2022-03-24T15:41:33 IST" duration-ms="36205" status="PASS">
          <params>
            <param index="0">
              <value>
                <![CDATA[Directory]]>
              </value>
            </param>
            <param index="1">
              <value>
                <![CDATA[   ]]>
              </value>
            </param>
            <param index="2">
              <value>
                <![CDATA[Project developer]]>
              </value>
            </param>
            <param index="3">
              <value>
                <![CDATA[Texas]]>
              </value>
            </param>
            <param index="4">
              <value>
                <![CDATA[https://www.linkedin.com/]]>
              </value>
            </param>
            <param index="5">
              <value>
                <![CDATA[Linkedin Text]]>
              </value>
            </param>
          </params>
          <reporter-output>
          </reporter-output>
        </test-method> <!-- newdirectorycreatetest -->
        <test-method is-config="true" signature="teardown()[pri:0, instance:teseCases.createDirectoryListingsTestPage@6a01e23]" started-at="2022-03-24T15:41:33 IST" name="teardown" finished-at="2022-03-24T15:41:33 IST" duration-ms="207" status="PASS">
          <reporter-output>
          </reporter-output>
        </test-method> <!-- teardown -->
        <test-method is-config="true" signature="setUp()[pri:0, instance:teseCases.createDirectoryListingsTestPage@6a01e23]" started-at="2022-03-24T15:41:33 IST" name="setUp" finished-at="2022-03-24T15:41:50 IST" duration-ms="16952" status="PASS">
          <reporter-output>
          </reporter-output>
        </test-method> <!-- setUp -->
        <test-method signature="newdirectorycreatetest(java.lang.String,java.lang.String,java.lang.String,java.lang.String,java.lang.String,java.lang.String)[pri:0, instance:teseCases.createDirectoryListingsTestPage@6a01e23]" started-at="2022-03-24T15:41:50 IST" name="newdirectorycreatetest" data-provider="getDirectoryListData" finished-at="2022-03-24T15:42:57 IST" duration-ms="66518" status="PASS">
          <params>
            <param index="0">
              <value>
                <![CDATA[   ]]>
              </value>
            </param>
            <param index="1">
              <value>
                <![CDATA[   ]]>
              </value>
            </param>
            <param index="2">
              <value>
                <![CDATA[Project developer]]>
              </value>
            </param>
            <param index="3">
              <value>
                <![CDATA[Texas]]>
              </value>
            </param>
            <param index="4">
              <value>
                <![CDATA[https://www.linkedin.com/]]>
              </value>
            </param>
            <param index="5">
              <value>
                <![CDATA[Linkedin Text]]>
              </value>
            </param>
          </params>
          <reporter-output>
          </reporter-output>
        </test-method> <!-- newdirectorycreatetest -->
        <test-method is-config="true" signature="teardown()[pri:0, instance:teseCases.createDirectoryListingsTestPage@6a01e23]" started-at="2022-03-24T15:42:57 IST" name="teardown" finished-at="2022-03-24T15:42:57 IST" duration-ms="226" status="PASS">
          <reporter-output>
          </reporter-output>
        </test-method> <!-- teardown -->
      </class> <!-- teseCases.createDirectoryListingsTestPage -->
      <class name="teseCases.CreatePagesTestPage">
        <test-method is-config="true" signature="setUp()[pri:0, instance:teseCases.CreatePagesTestPage@70be0a2b]" started-at="2022-03-24T15:49:24 IST" name="setUp" finished-at="2022-03-24T15:49:41 IST" duration-ms="16965" status="PASS">
          <reporter-output>
          </reporter-output>
        </test-method> <!-- setUp -->
        <test-method signature="newPageCreateTest(java.lang.String)[pri:0, instance:teseCases.CreatePagesTestPage@70be0a2b]" started-at="2022-03-24T15:49:41 IST" name="newPageCreateTest" data-provider="getpagesData" finished-at="2022-03-24T15:49:51 IST" duration-ms="10176" status="PASS">
          <params>
            <param index="0">
              <value>
                <![CDATA[Cinahal Page]]>
              </value>
            </param>
          </params>
          <reporter-output>
          </reporter-output>
        </test-method> <!-- newPageCreateTest -->
        <test-method is-config="true" signature="teardown()[pri:0, instance:teseCases.CreatePagesTestPage@70be0a2b]" started-at="2022-03-24T15:49:51 IST" name="teardown" finished-at="2022-03-24T15:49:51 IST" duration-ms="217" status="PASS">
          <reporter-output>
          </reporter-output>
        </test-method> <!-- teardown -->
        <test-method is-config="true" signature="setUp()[pri:0, instance:teseCases.CreatePagesTestPage@70be0a2b]" started-at="2022-03-24T15:49:51 IST" name="setUp" finished-at="2022-03-24T15:50:07 IST" duration-ms="15947" status="PASS">
          <reporter-output>
          </reporter-output>
        </test-method> <!-- setUp -->
        <test-method signature="newPageCreateTest(java.lang.String)[pri:0, instance:teseCases.CreatePagesTestPage@70be0a2b]" started-at="2022-03-24T15:50:07 IST" name="newPageCreateTest" data-provider="getpagesData" finished-at="2022-03-24T15:50:47 IST" duration-ms="39663" status="PASS">
          <params>
            <param index="0">
              <value>
                <![CDATA[  ]]>
              </value>
            </param>
          </params>
          <reporter-output>
          </reporter-output>
        </test-method> <!-- newPageCreateTest -->
        <test-method is-config="true" signature="teardown()[pri:0, instance:teseCases.CreatePagesTestPage@70be0a2b]" started-at="2022-03-24T15:50:47 IST" name="teardown" finished-at="2022-03-24T15:50:47 IST" duration-ms="200" status="PASS">
          <reporter-output>
          </reporter-output>
        </test-method> <!-- teardown -->
      </class> <!-- teseCases.CreatePagesTestPage -->
      <class name="teseCases.EditPagesTest">
        <test-method is-config="true" signature="setUp()[pri:0, instance:teseCases.EditPagesTest@2133814f]" started-at="2022-03-24T15:50:47 IST" name="setUp" finished-at="2022-03-24T15:51:03 IST" duration-ms="16581" status="PASS">
          <reporter-output>
          </reporter-output>
        </test-method> <!-- setUp -->
        <test-method signature="providePageTitle(java.lang.String,java.lang.String)[pri:1, instance:teseCases.EditPagesTest@2133814f]" started-at="2022-03-24T15:51:03 IST" name="providePageTitle" data-provider="InputPageData" finished-at="2022-03-24T15:51:35 IST" duration-ms="31866" status="PASS">
          <params>
            <param index="0">
              <value>
                <![CDATA[Corpus Limited]]>
              </value>
            </param>
            <param index="1">
              <value>
                <![CDATA[Cinahal-E]]>
              </value>
            </param>
          </params>
          <reporter-output>
          </reporter-output>
        </test-method> <!-- providePageTitle -->
        <test-method is-config="true" signature="teardown()[pri:0, instance:teseCases.EditPagesTest@2133814f]" started-at="2022-03-24T15:51:35 IST" name="teardown" finished-at="2022-03-24T15:51:35 IST" duration-ms="221" status="PASS">
          <reporter-output>
          </reporter-output>
        </test-method> <!-- teardown -->
      </class> <!-- teseCases.EditPagesTest -->
      <class name="teseCases.DeleteResourceFlowTest">
        <test-method is-config="true" signature="setUp()[pri:0, instance:teseCases.DeleteResourceFlowTest@78dd667e]" started-at="2022-03-24T15:30:06 IST" name="setUp" finished-at="2022-03-24T15:30:27 IST" duration-ms="21509" status="PASS">
          <reporter-output>
          </reporter-output>
        </test-method> <!-- setUp -->
        <test-method signature="deleteTest(java.lang.String,java.lang.String,java.lang.String,java.lang.String,java.lang.String)[pri:0, instance:teseCases.DeleteResourceFlowTest@78dd667e]" started-at="2022-03-24T15:30:27 IST" name="deleteTest" data-provider="getdeleteResourceData" finished-at="2022-03-24T15:30:49 IST" duration-ms="21623" status="PASS">
          <params>
            <param index="0">
              <value>
                <![CDATA[Verizon Resource]]>
              </value>
            </param>
            <param index="1">
              <value>
                <![CDATA[3.60029145E8]]>
              </value>
            </param>
            <param index="2">
              <value>
                <![CDATA[Verizon Resource pvt. Ltd]]>
              </value>
            </param>
            <param index="3">
              <value>
                <![CDATA[Sharon]]>
              </value>
            </param>
            <param index="4">
              <value>
                <![CDATA[Verizon Resource]]>
              </value>
            </param>
          </params>
          <reporter-output>
          </reporter-output>
        </test-method> <!-- deleteTest -->
        <test-method is-config="true" signature="teardown()[pri:0, instance:teseCases.DeleteResourceFlowTest@78dd667e]" started-at="2022-03-24T15:30:49 IST" name="teardown" finished-at="2022-03-24T15:30:49 IST" duration-ms="183" status="PASS">
          <reporter-output>
          </reporter-output>
        </test-method> <!-- teardown -->
      </class> <!-- teseCases.DeleteResourceFlowTest -->
      <class name="teseCases.EditDirectoryListingsTest">
        <test-method is-config="true" signature="setUp()[pri:0, instance:teseCases.EditDirectoryListingsTest@5a955565]" started-at="2022-03-24T15:42:57 IST" name="setUp" finished-at="2022-03-24T15:43:12 IST" duration-ms="14433" status="PASS">
          <reporter-output>
          </reporter-output>
        </test-method> <!-- setUp -->
        <test-method signature="provideDirectoryListTitle(java.lang.String,java.lang.String,java.lang.String,java.lang.String,java.lang.String,java.lang.String,java.lang.String,java.lang.String)[pri:1, instance:teseCases.EditDirectoryListingsTest@5a955565]" started-at="2022-03-24T15:43:12 IST" name="provideDirectoryListTitle" data-provider="InputDirectoryListingsData" finished-at="2022-03-24T15:43:43 IST" duration-ms="31754" status="PASS">
          <params>
            <param index="0">
              <value>
                <![CDATA[Verizon]]>
              </value>
            </param>
            <param index="1">
              <value>
                <![CDATA[Directory]]>
              </value>
            </param>
            <param index="2">
              <value>
                <![CDATA[Cinahal ]]>
              </value>
            </param>
            <param index="3">
              <value>
                <![CDATA[DL-E]]>
              </value>
            </param>
            <param index="4">
              <value>
                <![CDATA[Production Manager]]>
              </value>
            </param>
            <param index="5">
              <value>
                <![CDATA[New York]]>
              </value>
            </param>
            <param index="6">
              <value>
                <![CDATA[https://www.stacksdiscovery.com/]]>
              </value>
            </param>
            <param index="7">
              <value>
                <![CDATA[Twitter-E]]>
              </value>
            </param>
          </params>
          <reporter-output>
          </reporter-output>
        </test-method> <!-- provideDirectoryListTitle -->
        <test-method is-config="true" signature="teardown()[pri:0, instance:teseCases.EditDirectoryListingsTest@5a955565]" started-at="2022-03-24T15:43:43 IST" name="teardown" finished-at="2022-03-24T15:43:44 IST" duration-ms="237" status="PASS">
          <reporter-output>
          </reporter-output>
        </test-method> <!-- teardown -->
      </class> <!-- teseCases.EditDirectoryListingsTest -->
      <class name="teseCases.DeleteDatabaseListingTest">
        <test-method is-config="true" signature="setUp()[pri:0, instance:teseCases.DeleteDatabaseListingTest@13c10b87]" started-at="2022-03-24T15:38:39 IST" name="setUp" finished-at="2022-03-24T15:38:56 IST" duration-ms="17014" status="PASS">
          <reporter-output>
          </reporter-output>
        </test-method> <!-- setUp -->
        <test-method signature="deleteTest(java.lang.String,java.lang.String,java.lang.String,java.lang.String,java.lang.String)[pri:0, instance:teseCases.DeleteDatabaseListingTest@13c10b87]" started-at="2022-03-24T15:38:56 IST" name="deleteTest" data-provider="getdeleteDBLData" finished-at="2022-03-24T15:39:22 IST" duration-ms="25291" status="PASS">
          <params>
            <param index="0">
              <value>
                <![CDATA[Pubmed DBL]]>
              </value>
            </param>
            <param index="1">
              <value>
                <![CDATA[https://www.google.co.in/]]>
              </value>
            </param>
            <param index="2">
              <value>
                <![CDATA[https://www.google.co.in/]]>
              </value>
            </param>
            <param index="3">
              <value>
                <![CDATA[Pubmed Link Text]]>
              </value>
            </param>
            <param index="4">
              <value>
                <![CDATA[Pubmed DBL]]>
              </value>
            </param>
          </params>
          <reporter-output>
          </reporter-output>
        </test-method> <!-- deleteTest -->
        <test-method is-config="true" signature="teardown()[pri:0, instance:teseCases.DeleteDatabaseListingTest@13c10b87]" started-at="2022-03-24T15:39:22 IST" name="teardown" finished-at="2022-03-24T15:39:22 IST" duration-ms="188" status="PASS">
          <reporter-output>
          </reporter-output>
        </test-method> <!-- teardown -->
      </class> <!-- teseCases.DeleteDatabaseListingTest -->
      <class name="teseCases.EditDatabaseListingTest">
        <test-method is-config="true" signature="setUp()[pri:0, instance:teseCases.EditDatabaseListingTest@22635ba0]" started-at="2022-03-24T15:37:51 IST" name="setUp" finished-at="2022-03-24T15:38:06 IST" duration-ms="14946" status="PASS">
          <reporter-output>
          </reporter-output>
        </test-method> <!-- setUp -->
        <test-method signature="provideDatabaseListTitle(java.lang.String,java.lang.String,java.lang.String,java.lang.String,java.lang.String)[pri:1, instance:teseCases.EditDatabaseListingTest@22635ba0]" started-at="2022-03-24T15:38:06 IST" name="provideDatabaseListTitle" data-provider="InputDatabaseListData" finished-at="2022-03-24T15:38:39 IST" duration-ms="32786" status="PASS">
          <params>
            <param index="0">
              <value>
                <![CDATA[Verizon]]>
              </value>
            </param>
            <param index="1">
              <value>
                <![CDATA[Cred DBL-E]]>
              </value>
            </param>
            <param index="2">
              <value>
                <![CDATA[https://www.stacksdiscovery.com/]]>
              </value>
            </param>
            <param index="3">
              <value>
                <![CDATA[https://www.google.co.in/]]>
              </value>
            </param>
            <param index="4">
              <value>
                <![CDATA[Cred DBL-E]]>
              </value>
            </param>
          </params>
          <reporter-output>
          </reporter-output>
        </test-method> <!-- provideDatabaseListTitle -->
        <test-method is-config="true" signature="teardown()[pri:0, instance:teseCases.EditDatabaseListingTest@22635ba0]" started-at="2022-03-24T15:38:39 IST" name="teardown" finished-at="2022-03-24T15:38:39 IST" duration-ms="224" status="PASS">
          <reporter-output>
          </reporter-output>
        </test-method> <!-- teardown -->
      </class> <!-- teseCases.EditDatabaseListingTest -->
      <class name="teseCases.CreateCustomBlockTestPage">
        <test-method is-config="true" signature="setUp()[pri:0, instance:teseCases.CreateCustomBlockTestPage@197d671]" started-at="2022-03-24T15:33:53 IST" name="setUp" finished-at="2022-03-24T15:34:10 IST" duration-ms="16961" status="PASS">
          <reporter-output>
          </reporter-output>
        </test-method> <!-- setUp -->
        <test-method signature="newCustomCreateTest(java.lang.String,java.lang.String)[pri:0, instance:teseCases.CreateCustomBlockTestPage@197d671]" started-at="2022-03-24T15:34:10 IST" name="newCustomCreateTest" data-provider="getCustomBlockData" finished-at="2022-03-24T15:34:21 IST" duration-ms="11642" status="PASS">
          <params>
            <param index="0">
              <value>
                <![CDATA[Enterprise Custom]]>
              </value>
            </param>
            <param index="1">
              <value>
                <![CDATA[Revision Log Enterprise Custom]]>
              </value>
            </param>
          </params>
          <reporter-output>
          </reporter-output>
        </test-method> <!-- newCustomCreateTest -->
        <test-method is-config="true" signature="teardown()[pri:0, instance:teseCases.CreateCustomBlockTestPage@197d671]" started-at="2022-03-24T15:34:21 IST" name="teardown" finished-at="2022-03-24T15:34:21 IST" duration-ms="218" status="PASS">
          <reporter-output>
          </reporter-output>
        </test-method> <!-- teardown -->
        <test-method is-config="true" signature="setUp()[pri:0, instance:teseCases.CreateCustomBlockTestPage@197d671]" started-at="2022-03-24T15:34:21 IST" name="setUp" finished-at="2022-03-24T15:34:36 IST" duration-ms="14950" status="PASS">
          <reporter-output>
          </reporter-output>
        </test-method> <!-- setUp -->
        <test-method signature="newCustomCreateTest(java.lang.String,java.lang.String)[pri:0, instance:teseCases.CreateCustomBlockTestPage@197d671]" started-at="2022-03-24T15:34:36 IST" name="newCustomCreateTest" data-provider="getCustomBlockData" finished-at="2022-03-24T15:35:13 IST" duration-ms="36389" status="PASS">
          <params>
            <param index="0">
              <value>
                <![CDATA[   ]]>
              </value>
            </param>
            <param index="1">
              <value>
                <![CDATA[Revision Log Enterprise Custom]]>
              </value>
            </param>
          </params>
          <reporter-output>
          </reporter-output>
        </test-method> <!-- newCustomCreateTest -->
        <test-method is-config="true" signature="teardown()[pri:0, instance:teseCases.CreateCustomBlockTestPage@197d671]" started-at="2022-03-24T15:35:13 IST" name="teardown" finished-at="2022-03-24T15:35:13 IST" duration-ms="203" status="PASS">
          <reporter-output>
          </reporter-output>
        </test-method> <!-- teardown -->
      </class> <!-- teseCases.CreateCustomBlockTestPage -->
      <class name="teseCases.CreateDataBaseListingsTestPage">
        <test-method is-config="true" signature="setUp()[pri:0, instance:teseCases.CreateDataBaseListingsTestPage@1df82230]" started-at="2022-03-24T15:36:34 IST" name="setUp" finished-at="2022-03-24T15:36:51 IST" duration-ms="16429" status="PASS">
          <reporter-output>
          </reporter-output>
        </test-method> <!-- setUp -->
        <test-method signature="newDBLCreateTest(java.lang.String,java.lang.String,java.lang.String,java.lang.String)[pri:0, instance:teseCases.CreateDataBaseListingsTestPage@1df82230]" started-at="2022-03-24T15:36:51 IST" name="newDBLCreateTest" data-provider="getDBListingsData" finished-at="2022-03-24T15:37:00 IST" duration-ms="9451" status="PASS">
          <params>
            <param index="0">
              <value>
                <![CDATA[MedLine Listing]]>
              </value>
            </param>
            <param index="1">
              <value>
                <![CDATA[https://www.google.co.in/]]>
              </value>
            </param>
            <param index="2">
              <value>
                <![CDATA[https://www.stacksdiscovery.com/]]>
              </value>
            </param>
            <param index="3">
              <value>
                <![CDATA[Stacks Discovery]]>
              </value>
            </param>
          </params>
          <reporter-output>
          </reporter-output>
        </test-method> <!-- newDBLCreateTest -->
        <test-method is-config="true" signature="teardown()[pri:0, instance:teseCases.CreateDataBaseListingsTestPage@1df82230]" started-at="2022-03-24T15:37:00 IST" name="teardown" finished-at="2022-03-24T15:37:01 IST" duration-ms="170" status="PASS">
          <reporter-output>
          </reporter-output>
        </test-method> <!-- teardown -->
        <test-method is-config="true" signature="setUp()[pri:0, instance:teseCases.CreateDataBaseListingsTestPage@1df82230]" started-at="2022-03-24T15:37:01 IST" name="setUp" finished-at="2022-03-24T15:37:15 IST" duration-ms="14094" status="PASS">
          <reporter-output>
          </reporter-output>
        </test-method> <!-- setUp -->
        <test-method signature="newDBLCreateTest(java.lang.String,java.lang.String,java.lang.String,java.lang.String)[pri:0, instance:teseCases.CreateDataBaseListingsTestPage@1df82230]" started-at="2022-03-24T15:37:15 IST" name="newDBLCreateTest" data-provider="getDBListingsData" finished-at="2022-03-24T15:37:51 IST" duration-ms="36371" status="PASS">
          <params>
            <param index="0">
              <value>
                <![CDATA[   ]]>
              </value>
            </param>
            <param index="1">
              <value>
                <![CDATA[https://www.google.co.in/]]>
              </value>
            </param>
            <param index="2">
              <value>
                <![CDATA[https://www.stacksdiscovery.com/]]>
              </value>
            </param>
            <param index="3">
              <value>
                <![CDATA[Stacks Discovery]]>
              </value>
            </param>
          </params>
          <reporter-output>
          </reporter-output>
        </test-method> <!-- newDBLCreateTest -->
        <test-method is-config="true" signature="teardown()[pri:0, instance:teseCases.CreateDataBaseListingsTestPage@1df82230]" started-at="2022-03-24T15:37:51 IST" name="teardown" finished-at="2022-03-24T15:37:51 IST" duration-ms="202" status="PASS">
          <reporter-output>
          </reporter-output>
        </test-method> <!-- teardown -->
      </class> <!-- teseCases.CreateDataBaseListingsTestPage -->
      <class name="teseCases.DeleteCalloutTest">
        <test-method is-config="true" signature="setUp()[pri:0, instance:teseCases.DeleteCalloutTest@4b44655e]" started-at="2022-03-24T15:26:59 IST" name="setUp" finished-at="2022-03-24T15:27:12 IST" duration-ms="13136" status="PASS">
          <reporter-output>
          </reporter-output>
        </test-method> <!-- setUp -->
        <test-method signature="deleteTest(java.lang.String,java.lang.String)[pri:0, instance:teseCases.DeleteCalloutTest@4b44655e]" started-at="2022-03-24T15:27:12 IST" name="deleteTest" data-provider="getdeleteData" finished-at="2022-03-24T15:27:57 IST" duration-ms="45275" status="PASS">
          <params>
            <param index="0">
              <value>
                <![CDATA[pubmed]]>
              </value>
            </param>
            <param index="1">
              <value>
                <![CDATA[pubmed]]>
              </value>
            </param>
          </params>
          <reporter-output>
          </reporter-output>
        </test-method> <!-- deleteTest -->
        <test-method is-config="true" signature="teardown()[pri:0, instance:teseCases.DeleteCalloutTest@4b44655e]" started-at="2022-03-24T15:27:57 IST" name="teardown" finished-at="2022-03-24T15:27:57 IST" duration-ms="191" status="PASS">
          <reporter-output>
          </reporter-output>
        </test-method> <!-- teardown -->
      </class> <!-- teseCases.DeleteCalloutTest -->
      <class name="teseCases.DeleteDirectoryListingTest">
        <test-method is-config="true" signature="setUp()[pri:0, instance:teseCases.DeleteDirectoryListingTest@6293abcc]" started-at="2022-03-24T15:43:44 IST" name="setUp" finished-at="2022-03-24T15:43:59 IST" duration-ms="14958" status="PASS">
          <reporter-output>
          </reporter-output>
        </test-method> <!-- setUp -->
        <test-method signature="deleteTest(java.lang.String,java.lang.String,java.lang.String,java.lang.String,java.lang.String,java.lang.String,java.lang.String,java.lang.String)[pri:0, instance:teseCases.DeleteDirectoryListingTest@6293abcc]" started-at="2022-03-24T15:43:59 IST" name="deleteTest" data-provider="getdeletedirectorylistData" finished-at="2022-03-24T15:44:18 IST" duration-ms="19262" status="PASS">
          <params>
            <param index="0">
              <value>
                <![CDATA[Pubmed]]>
              </value>
            </param>
            <param index="1">
              <value>
                <![CDATA[Directory]]>
              </value>
            </param>
            <param index="2">
              <value>
                <![CDATA[Manager]]>
              </value>
            </param>
            <param index="3">
              <value>
                <![CDATA[Texas]]>
              </value>
            </param>
            <param index="4">
              <value>
                <![CDATA[https://www.google.co.in/]]>
              </value>
            </param>
            <param index="5">
              <value>
                <![CDATA[Linkedin Text]]>
              </value>
            </param>
            <param index="6">
              <value>
                <![CDATA[Pubmed]]>
              </value>
            </param>
            <param index="7">
              <value>
                <![CDATA[Directory]]>
              </value>
            </param>
          </params>
          <reporter-output>
          </reporter-output>
        </test-method> <!-- deleteTest -->
        <test-method is-config="true" signature="teardown()[pri:0, instance:teseCases.DeleteDirectoryListingTest@6293abcc]" started-at="2022-03-24T15:44:18 IST" name="teardown" finished-at="2022-03-24T15:44:18 IST" duration-ms="184" status="PASS">
          <reporter-output>
          </reporter-output>
        </test-method> <!-- teardown -->
      </class> <!-- teseCases.DeleteDirectoryListingTest -->
      <class name="teseCases.DeleteCustomTest">
        <test-method is-config="true" signature="setUp()[pri:0, instance:teseCases.DeleteCustomTest@79ad8b2f]" started-at="2022-03-24T15:36:00 IST" name="setUp" finished-at="2022-03-24T15:36:13 IST" duration-ms="12982" status="PASS">
          <reporter-output>
          </reporter-output>
        </test-method> <!-- setUp -->
        <test-method signature="deleteTest(java.lang.String,java.lang.String,java.lang.String)[pri:0, instance:teseCases.DeleteCustomTest@79ad8b2f]" started-at="2022-03-24T15:36:13 IST" name="deleteTest" data-provider="getdeleteData" finished-at="2022-03-24T15:36:34 IST" duration-ms="21511" status="PASS">
          <params>
            <param index="0">
              <value>
                <![CDATA[Cinahal Custom]]>
              </value>
            </param>
            <param index="1">
              <value>
                <![CDATA[Cinahal Custom revision log]]>
              </value>
            </param>
            <param index="2">
              <value>
                <![CDATA[Cinahal Custom]]>
              </value>
            </param>
          </params>
          <reporter-output>
          </reporter-output>
        </test-method> <!-- deleteTest -->
        <test-method is-config="true" signature="teardown()[pri:0, instance:teseCases.DeleteCustomTest@79ad8b2f]" started-at="2022-03-24T15:36:34 IST" name="teardown" finished-at="2022-03-24T15:36:34 IST" duration-ms="184" status="PASS">
          <reporter-output>
          </reporter-output>
        </test-method> <!-- teardown -->
      </class> <!-- teseCases.DeleteCustomTest -->
      <class name="teseCases.CreateResearchGuidesTestPage">
        <test-method is-config="true" signature="setUp()[pri:0, instance:teseCases.CreateResearchGuidesTestPage@23986957]" started-at="2022-03-24T15:52:06 IST" name="setUp" finished-at="2022-03-24T15:52:23 IST" duration-ms="16571" status="PASS">
          <reporter-output>
          </reporter-output>
        </test-method> <!-- setUp -->
        <test-method signature="newResearchGuideTest(java.lang.String,java.lang.String,java.lang.String,java.lang.String)[pri:0, instance:teseCases.CreateResearchGuidesTestPage@23986957]" started-at="2022-03-24T15:52:23 IST" name="newResearchGuideTest" data-provider="getResearchGuideData" finished-at="2022-03-24T15:52:35 IST" duration-ms="12512" status="PASS">
          <params>
            <param index="0">
              <value>
                <![CDATA[DynaMed Plus RG]]>
              </value>
            </param>
            <param index="1">
              <value>
                <![CDATA[DemoType]]>
              </value>
            </param>
            <param index="2">
              <value>
                <![CDATA[DynaMed Plus RG tab-1]]>
              </value>
            </param>
            <param index="3">
              <value>
                <![CDATA[https://www.google.co.in/]]>
              </value>
            </param>
          </params>
          <reporter-output>
          </reporter-output>
        </test-method> <!-- newResearchGuideTest -->
        <test-method is-config="true" signature="teardown()[pri:0, instance:teseCases.CreateResearchGuidesTestPage@23986957]" started-at="2022-03-24T15:52:35 IST" name="teardown" finished-at="2022-03-24T15:52:36 IST" duration-ms="182" status="PASS">
          <reporter-output>
          </reporter-output>
        </test-method> <!-- teardown -->
        <test-method is-config="true" signature="setUp()[pri:0, instance:teseCases.CreateResearchGuidesTestPage@23986957]" started-at="2022-03-24T15:52:36 IST" name="setUp" finished-at="2022-03-24T15:52:51 IST" duration-ms="15805" status="PASS">
          <reporter-output>
          </reporter-output>
        </test-method> <!-- setUp -->
        <test-method signature="newResearchGuideTest(java.lang.String,java.lang.String,java.lang.String,java.lang.String)[pri:0, instance:teseCases.CreateResearchGuidesTestPage@23986957]" started-at="2022-03-24T15:52:51 IST" name="newResearchGuideTest" data-provider="getResearchGuideData" finished-at="2022-03-24T15:53:27 IST" duration-ms="36135" status="PASS">
          <params>
            <param index="0">
              <value>
                <![CDATA[    ]]>
              </value>
            </param>
            <param index="1">
              <value>
                <![CDATA[DemoType]]>
              </value>
            </param>
            <param index="2">
              <value>
                <![CDATA[DynaMed Plus RG tab-1]]>
              </value>
            </param>
            <param index="3">
              <value>
                <![CDATA[https://www.google.co.in/]]>
              </value>
            </param>
          </params>
          <reporter-output>
          </reporter-output>
        </test-method> <!-- newResearchGuideTest -->
        <test-method is-config="true" signature="teardown()[pri:0, instance:teseCases.CreateResearchGuidesTestPage@23986957]" started-at="2022-03-24T15:53:27 IST" name="teardown" finished-at="2022-03-24T15:53:28 IST" duration-ms="175" status="PASS">
          <reporter-output>
          </reporter-output>
        </test-method> <!-- teardown -->
      </class> <!-- teseCases.CreateResearchGuidesTestPage -->
      <class name="teseCases.EditNewsArticlesTest">
        <test-method is-config="true" signature="setUp()[pri:0, instance:teseCases.EditNewsArticlesTest@6b4a4e18]" started-at="2022-03-24T15:32:10 IST" name="setUp" finished-at="2022-03-24T15:32:25 IST" duration-ms="14539" status="PASS">
          <reporter-output>
          </reporter-output>
        </test-method> <!-- setUp -->
        <test-method signature="provideNewsArticleTitle(java.lang.String,java.lang.String,java.lang.String)[pri:1, instance:teseCases.EditNewsArticlesTest@6b4a4e18]" started-at="2022-03-24T15:32:25 IST" name="provideNewsArticleTitle" data-provider="InputNewsArticleData" finished-at="2022-03-24T15:32:56 IST" duration-ms="31516" status="PASS">
          <params>
            <param index="0">
              <value>
                <![CDATA[Verizon Research]]>
              </value>
            </param>
            <param index="1">
              <value>
                <![CDATA[Cred Resources]]>
              </value>
            </param>
            <param index="2">
              <value>
                <![CDATA[Neliez]]>
              </value>
            </param>
          </params>
          <reporter-output>
          </reporter-output>
        </test-method> <!-- provideNewsArticleTitle -->
        <test-method is-config="true" signature="teardown()[pri:0, instance:teseCases.EditNewsArticlesTest@6b4a4e18]" started-at="2022-03-24T15:32:56 IST" name="teardown" finished-at="2022-03-24T15:32:56 IST" duration-ms="187" status="PASS">
          <reporter-output>
          </reporter-output>
        </test-method> <!-- teardown -->
      </class> <!-- teseCases.EditNewsArticlesTest -->
      <class name="teseCases.DeleteReservesTest">
        <test-method is-config="true" signature="setUp()[pri:0, instance:teseCases.DeleteReservesTest@f8c1ddd]" started-at="2022-03-24T15:48:46 IST" name="setUp" finished-at="2022-03-24T15:49:05 IST" duration-ms="19016" status="PASS">
          <reporter-output>
          </reporter-output>
        </test-method> <!-- setUp -->
        <test-method signature="deleteReserveTest(java.lang.String,java.lang.String,java.lang.String,java.lang.String,java.lang.String,java.lang.String,java.lang.String,java.lang.String,java.lang.String)[pri:0, instance:teseCases.DeleteReservesTest@f8c1ddd]" started-at="2022-03-24T15:49:05 IST" name="deleteReserveTest" data-provider="getdeleteReserveData" finished-at="2022-03-24T15:49:23 IST" duration-ms="18110" status="PASS">
          <params>
            <param index="0">
              <value>
                <![CDATA[Pubmed Reserve]]>
              </value>
            </param>
            <param index="1">
              <value>
                <![CDATA[English]]>
              </value>
            </param>
            <param index="2">
              <value>
                <![CDATA[PMD-R]]>
              </value>
            </param>
            <param index="3">
              <value>
                <![CDATA[PMD-c]]>
              </value>
            </param>
            <param index="4">
              <value>
                <![CDATA[15-04-2022]]>
              </value>
            </param>
            <param index="5">
              <value>
                <![CDATA[09:09:09]]>
              </value>
            </param>
            <param index="6">
              <value>
                <![CDATA[20-05-2022]]>
              </value>
            </param>
            <param index="7">
              <value>
                <![CDATA[14:15:18]]>
              </value>
            </param>
            <param index="8">
              <value>
                <![CDATA[Pubmed Reserve]]>
              </value>
            </param>
          </params>
          <reporter-output>
          </reporter-output>
        </test-method> <!-- deleteReserveTest -->
        <test-method is-config="true" signature="teardown()[pri:0, instance:teseCases.DeleteReservesTest@f8c1ddd]" started-at="2022-03-24T15:49:23 IST" name="teardown" finished-at="2022-03-24T15:49:24 IST" duration-ms="197" status="PASS">
          <reporter-output>
          </reporter-output>
        </test-method> <!-- teardown -->
      </class> <!-- teseCases.DeleteReservesTest -->
      <class name="teseCases.CreateReservesTestPage">
        <test-method is-config="true" signature="setUp()[pri:0, instance:teseCases.CreateReservesTestPage@7995092a]" started-at="2022-03-24T15:44:18 IST" name="setUp" finished-at="2022-03-24T15:44:33 IST" duration-ms="14716" status="PASS">
          <reporter-output>
          </reporter-output>
        </test-method> <!-- setUp -->
        <test-method signature="newReservesTest(java.lang.String,java.lang.String,java.lang.String,java.lang.String,java.lang.String,java.lang.String,java.lang.String,java.lang.String,java.lang.String)[pri:0, instance:teseCases.CreateReservesTestPage@7995092a]" started-at="2022-03-24T15:44:33 IST" name="newReservesTest" data-provider="getReservesData" finished-at="2022-03-24T15:44:45 IST" duration-ms="12581" status="PASS">
          <params>
            <param index="0">
              <value>
                <![CDATA[Medline Reserves]]>
              </value>
            </param>
            <param index="1">
              <value>
                <![CDATA[English]]>
              </value>
            </param>
            <param index="2">
              <value>
                <![CDATA[MD-RC]]>
              </value>
            </param>
            <param index="3">
              <value>
                <![CDATA[ID-1]]>
              </value>
            </param>
            <param index="4">
              <value>
                <![CDATA[28-04-2022]]>
              </value>
            </param>
            <param index="5">
              <value>
                <![CDATA[15:21:29]]>
              </value>
            </param>
            <param index="6">
              <value>
                <![CDATA[19-06-2022]]>
              </value>
            </param>
            <param index="7">
              <value>
                <![CDATA[16:21:25]]>
              </value>
            </param>
            <param index="8">
              <value>
                <![CDATA[9010006190]]>
              </value>
            </param>
          </params>
          <reporter-output>
          </reporter-output>
        </test-method> <!-- newReservesTest -->
        <test-method is-config="true" signature="teardown()[pri:0, instance:teseCases.CreateReservesTestPage@7995092a]" started-at="2022-03-24T15:44:45 IST" name="teardown" finished-at="2022-03-24T15:44:46 IST" duration-ms="641" status="PASS">
          <reporter-output>
          </reporter-output>
        </test-method> <!-- teardown -->
        <test-method is-config="true" signature="setUp()[pri:0, instance:teseCases.CreateReservesTestPage@7995092a]" started-at="2022-03-24T15:44:46 IST" name="setUp" finished-at="2022-03-24T15:45:01 IST" duration-ms="15438" status="PASS">
          <reporter-output>
          </reporter-output>
        </test-method> <!-- setUp -->
        <test-method signature="newReservesTest(java.lang.String,java.lang.String,java.lang.String,java.lang.String,java.lang.String,java.lang.String,java.lang.String,java.lang.String,java.lang.String)[pri:0, instance:teseCases.CreateReservesTestPage@7995092a]" started-at="2022-03-24T15:45:01 IST" name="newReservesTest" data-provider="getReservesData" finished-at="2022-03-24T15:45:44 IST" duration-ms="42375" status="PASS">
          <params>
            <param index="0">
              <value>
                <![CDATA[   ]]>
              </value>
            </param>
            <param index="1">
              <value>
                <![CDATA[English]]>
              </value>
            </param>
            <param index="2">
              <value>
                <![CDATA[MD-RC]]>
              </value>
            </param>
            <param index="3">
              <value>
                <![CDATA[ID-1]]>
              </value>
            </param>
            <param index="4">
              <value>
                <![CDATA[28-04-2022]]>
              </value>
            </param>
            <param index="5">
              <value>
                <![CDATA[15:21:29]]>
              </value>
            </param>
            <param index="6">
              <value>
                <![CDATA[19-06-2022]]>
              </value>
            </param>
            <param index="7">
              <value>
                <![CDATA[16:21:25]]>
              </value>
            </param>
            <param index="8">
              <value>
                <![CDATA[9010006190]]>
              </value>
            </param>
          </params>
          <reporter-output>
          </reporter-output>
        </test-method> <!-- newReservesTest -->
        <test-method is-config="true" signature="teardown()[pri:0, instance:teseCases.CreateReservesTestPage@7995092a]" started-at="2022-03-24T15:45:44 IST" name="teardown" finished-at="2022-03-24T15:45:44 IST" duration-ms="211" status="PASS">
          <reporter-output>
          </reporter-output>
        </test-method> <!-- teardown -->
        <test-method is-config="true" signature="setUp()[pri:0, instance:teseCases.CreateReservesTestPage@7995092a]" started-at="2022-03-24T15:45:44 IST" name="setUp" finished-at="2022-03-24T15:45:59 IST" duration-ms="15168" status="PASS">
          <reporter-output>
          </reporter-output>
        </test-method> <!-- setUp -->
        <test-method signature="newReservesTest(java.lang.String,java.lang.String,java.lang.String,java.lang.String,java.lang.String,java.lang.String,java.lang.String,java.lang.String,java.lang.String)[pri:0, instance:teseCases.CreateReservesTestPage@7995092a]" started-at="2022-03-24T15:45:59 IST" name="newReservesTest" data-provider="getReservesData" finished-at="2022-03-24T15:46:37 IST" duration-ms="37422" status="PASS">
          <params>
            <param index="0">
              <value>
                <![CDATA[Medline Reserves]]>
              </value>
            </param>
            <param index="1">
              <value>
                <![CDATA[English]]>
              </value>
            </param>
            <param index="2">
              <value>
                <![CDATA[MD-RC]]>
              </value>
            </param>
            <param index="3">
              <value>
                <![CDATA[ID-1]]>
              </value>
            </param>
            <param index="4">
              <value>
                <![CDATA[28-04-2022]]>
              </value>
            </param>
            <param index="5">
              <value>
                <![CDATA[16:21:29]]>
              </value>
            </param>
            <param index="6">
              <value>
                <![CDATA[19-06-2022]]>
              </value>
            </param>
            <param index="7">
              <value>
                <![CDATA[17:21:25]]>
              </value>
            </param>
            <param index="8">
              <value>
                <![CDATA[!@#$7895335]]>
              </value>
            </param>
          </params>
          <reporter-output>
          </reporter-output>
        </test-method> <!-- newReservesTest -->
        <test-method is-config="true" signature="teardown()[pri:0, instance:teseCases.CreateReservesTestPage@7995092a]" started-at="2022-03-24T15:46:37 IST" name="teardown" finished-at="2022-03-24T15:46:37 IST" duration-ms="182" status="PASS">
          <reporter-output>
          </reporter-output>
        </test-method> <!-- teardown -->
        <test-method is-config="true" signature="setUp()[pri:0, instance:teseCases.CreateReservesTestPage@7995092a]" started-at="2022-03-24T15:46:37 IST" name="setUp" finished-at="2022-03-24T15:46:52 IST" duration-ms="14771" status="PASS">
          <reporter-output>
          </reporter-output>
        </test-method> <!-- setUp -->
        <test-method signature="newReservesTest(java.lang.String,java.lang.String,java.lang.String,java.lang.String,java.lang.String,java.lang.String,java.lang.String,java.lang.String,java.lang.String)[pri:0, instance:teseCases.CreateReservesTestPage@7995092a]" started-at="2022-03-24T15:46:52 IST" name="newReservesTest" data-provider="getReservesData" finished-at="2022-03-24T15:47:59 IST" duration-ms="67276" status="PASS">
          <params>
            <param index="0">
              <value>
                <![CDATA[   ]]>
              </value>
            </param>
            <param index="1">
              <value>
                <![CDATA[English]]>
              </value>
            </param>
            <param index="2">
              <value>
                <![CDATA[MD-RC]]>
              </value>
            </param>
            <param index="3">
              <value>
                <![CDATA[ID-1]]>
              </value>
            </param>
            <param index="4">
              <value>
                <![CDATA[28-04-2022]]>
              </value>
            </param>
            <param index="5">
              <value>
                <![CDATA[16:21:29]]>
              </value>
            </param>
            <param index="6">
              <value>
                <![CDATA[19-06-2022]]>
              </value>
            </param>
            <param index="7">
              <value>
                <![CDATA[17:21:25]]>
              </value>
            </param>
            <param index="8">
              <value>
                <![CDATA[abc@1234]]>
              </value>
            </param>
          </params>
          <reporter-output>
          </reporter-output>
        </test-method> <!-- newReservesTest -->
        <test-method is-config="true" signature="teardown()[pri:0, instance:teseCases.CreateReservesTestPage@7995092a]" started-at="2022-03-24T15:47:59 IST" name="teardown" finished-at="2022-03-24T15:47:59 IST" duration-ms="220" status="PASS">
          <reporter-output>
          </reporter-output>
        </test-method> <!-- teardown -->
      </class> <!-- teseCases.CreateReservesTestPage -->
    </test> <!-- Test -->
  </suite> <!-- Suite1 -->
</testng-results>
