<?xml version="1.0" encoding="UTF-8"?>
<testng-results ignored="0" total="2" passed="2" failed="0" skipped="0">
  <reporter-output>
  </reporter-output>
  <suite started-at="2022-03-23T20:58:32 IST" name="Default suite" finished-at="2022-03-23T21:00:34 IST" duration-ms="121883">
    <groups>
    </groups>
    <test started-at="2022-03-23T20:58:32 IST" name="Default test" finished-at="2022-03-23T21:00:34 IST" duration-ms="121883">
      <class name="teseCases.CreateCalloutTestPage">
        <test-method is-config="true" signature="setUp()[pri:0, instance:teseCases.CreateCalloutTestPage@6a400542]" started-at="2022-03-23T20:58:33 IST" name="setUp" finished-at="2022-03-23T20:59:23 IST" duration-ms="50012" status="PASS">
          <reporter-output>
          </reporter-output>
        </test-method> <!-- setUp -->
        <test-method signature="newcalloutcreatetest(java.lang.String)[pri:0, instance:teseCases.CreateCalloutTestPage@6a400542]" started-at="2022-03-23T20:59:23 IST" name="newcalloutcreatetest" data-provider="getCalloutData" finished-at="2022-03-23T20:59:36 IST" duration-ms="12925" status="PASS">
          <params>
            <param index="0">
              <value>
                <![CDATA[Excel Callouts-1]]>
              </value>
            </param>
          </params>
          <reporter-output>
          </reporter-output>
        </test-method> <!-- newcalloutcreatetest -->
        <test-method is-config="true" signature="setUp()[pri:0, instance:teseCases.CreateCalloutTestPage@6a400542]" started-at="2022-03-23T20:59:36 IST" name="setUp" finished-at="2022-03-23T20:59:59 IST" duration-ms="22884" status="PASS">
          <reporter-output>
          </reporter-output>
        </test-method> <!-- setUp -->
        <test-method signature="newcalloutcreatetest(java.lang.String)[pri:0, instance:teseCases.CreateCalloutTestPage@6a400542]" started-at="2022-03-23T20:59:59 IST" name="newcalloutcreatetest" data-provider="getCalloutData" finished-at="2022-03-23T21:00:34 IST" duration-ms="35239" status="PASS">
          <params>
            <param index="0">
              <value>
                <![CDATA[    ]]>
              </value>
            </param>
          </params>
          <reporter-output>
          </reporter-output>
        </test-method> <!-- newcalloutcreatetest -->
      </class> <!-- teseCases.CreateCalloutTestPage -->
    </test> <!-- Default test -->
  </suite> <!-- Default suite -->
</testng-results>
