<?xml version="1.0" encoding="UTF-8"?>
<!-- Generated by org.testng.reporters.JUnitXMLReporter -->
<testsuite ignored="0" hostname="LP10-8RFSQ93" failures="0" tests="4" name="Test" time="177.065" errors="0" timestamp="2022-03-29T12:12:32 IST">
  <testcase classname="teseCases.CreateCustomBlockTestPage" name="newCustomCreateTest" time="11.348"/>
  <testcase classname="teseCases.CreateCustomBlockTestPage" name="newCustomCreateTest" time="37.271"/>
  <testcase classname="teseCases.EditCustomBlockTest" name="provideCustomBLockTitle" time="11.182"/>
  <testcase classname="teseCases.DeleteCustomTest" name="deleteTest" time="22.702"/>
</testsuite> <!-- Test -->
