<?xml version="1.0" encoding="UTF-8"?>
<!-- Generated by org.testng.reporters.JUnitXMLReporter -->
<testsuite ignored="0" hostname="LP10-8RFSQ93" failures="0" tests="6" name="Test" time="301.583" errors="0" timestamp="2022-03-15T18:31:02 IST">
  <testcase classname="teseCases.CreateIndexPageTestPage" name="newIndexPagetest" time="11.82"/>
  <testcase classname="teseCases.EditIndexPageTest" name="provideIndexPageTitle" time="32.09"/>
  <testcase classname="teseCases.DeleteIndexPageTest" name="deleteTest" time="22.094"/>
  <testcase classname="teseCases.CreateIndexEntriesPageTestPage" name="newIndexPagetest" time="9.934"/>
  <testcase classname="teseCases.EditIndexEntryTest" name="provideIndexPageTitle" time="31.7"/>
  <testcase classname="teseCases.DeleteIndexEntryPageTest" name="deleteTest" time="21.913"/>
</testsuite> <!-- Test -->
